<?xml version="1.0" encoding="UTF-8"?>
<testsuite xmlns:xsi="http://www.w3.org/2001/XMLSchema-instance" xsi:noNamespaceSchemaLocation="https://maven.apache.org/surefire/maven-surefire-plugin/xsd/surefire-test-report-3.0.xsd" version="3.0" name="testRunner.TestRun" time="291.676" tests="3" errors="0" skipped="0" failures="0">
  <properties>
[...]
</properties>
  <testcase name="Successful Pom Login with Valid Credentials. #1" classname="Pom Login Action with parameter" time="86.108">
    <system-out><![CDATA[
@sanity
Scenario Outline: Successful Pom Login with Valid Credentials.     &amp#27;[90m# src/test/java/Features/pomlogin.feature:13&amp#27;[0m
[DEBUG] Removing resolution firefox=100 from cache (expired on Thu Jun 09 14:45:43 IST 2022)
[DEBUG] Running command on the shell: [firefox, -v]
[DEBUG] Result: Mozilla Firefox 100.0.2
[DEBUG] Resolution firefox100=0.31.0 in cache (valid until 17:46:01 09/06/2022 IST)
[INFO] Using geckodriver 0.31.0 (resolved driver for Firefox 100)
[DEBUG] Storing resolution firefox=100 in cache (valid until 16:00:00 09/06/2022 IST)
[DEBUG] Driver geckodriver 0.31.0 found in cache
[INFO] Exporting webdriver.gecko.driver as /home/manoj/.cache/selenium/geckodriver/linux64/0.31.0/geckodriver
  &amp#27;[32mGiven &amp#27;[0m&amp#27;[32mPom User is on login Page&amp#27;[0m                                  &amp#27;[90m# stepDefinitions.Pomlogin.pom_user_is_on_login_page()&amp#27;[0m
standard_user
secret_sauce
  &amp#27;[32mWhen &amp#27;[0m&amp#27;[32muser verify the data with sheetname &amp#27;[0m&amp#27;[32m&amp#27;[1m"demo"&amp#27;[0m&amp#27;[32m and rownumber &amp#27;[0m&amp#27;[32m&amp#27;[1m0&amp#27;[0m&amp#27;[32m.&amp#27;[0m &amp#27;[90m# stepDefinitions.Pomlogin.user_verify_the_data_with_sheetname_and_rownumber(java.lang.String,java.lang.Integer)&amp#27;[0m
successfully login
  &amp#27;[32mThen &amp#27;[0m&amp#27;[32mdisplayed message Login Successfully&amp#27;[0m                        &amp#27;[90m# stepDefinitions.Pomlogin.displayed_message_login_successfully()&amp#27;[0m
  &amp#27;[32mThen &amp#27;[0m&amp#27;[32mclose browsing window.&amp#27;[0m                                      &amp#27;[90m# stepDefinitions.Pomlogin.close_browsing_window()&amp#27;[0m
]]></system-out>
    <system-err><![CDATA[1654767002043	geckodriver	INFO	Listening on 127.0.0.1:21830
1654767002263	mozrunner::runner	INFO	Running command: "/usr/lib/firefox/firefox" "--marionette" "-no-remote" "-profile" "/tmp/rust_mozprofileRHlAdF"
1654767016474	Marionette	INFO	Marionette enabled
console.error: Region.jsm: "Error fetching region" (new Error("TIMEOUT", "resource://gre/modules/Region.jsm", 772))
console.error: Region.jsm: "Failed to fetch region" (new Error("TIMEOUT", "resource://gre/modules/Region.jsm", 419))
console.warn: SearchSettings: "get: No settings file exists, new profile?" (new NotFoundError("Could not open the file at /tmp/rust_mozprofileRHlAdF/search.json.mozlz4", (void 0)))
1654767053920	Marionette	INFO	Listening on port 39969
Read port: 39969
1654767054693	RemoteAgent	WARN	TLS certificate errors will be ignored for this session
Jun 09, 2022 3:00:56 PM org.openqa.selenium.remote.ProtocolHandshake createSession
INFO: Detected dialect: W3C
ERROR StatusLogger Log4j2 could not find a logging implementation. Please add log4j-core to the classpath. Using SimpleLogger to log to the console...
console.warn: LoginRecipes: "getRecipes: falling back to a synchronous message for:" "https://www.saucedemo.com"
console.warn: LoginRecipes: "getRecipes: falling back to a synchronous message for:" "https://www.saucedemo.com"
JavaScript error: resource://gre/modules/LoginManagerParent.jsm, line 136: TypeError: gRecipeManager is null
1654767075681	Marionette	INFO	Stopped listening on port 39969

###!!! [Parent][PImageBridgeParent] Error: RunMessage(msgname=PImageBridge::Msg_WillClose) Channel closing: too late to send/recv, messages will be lost

]]></system-err>
  </testcase>
  <testcase name="Successful Pom Login with Valid Credentials. #2" classname="Pom Login Action with parameter" time="117.555">
    <system-out><![CDATA[
@sanity
Scenario Outline: Successful Pom Login with Valid Credentials.     &amp#27;[90m# src/test/java/Features/pomlogin.feature:14&amp#27;[0m
[DEBUG] Resolution firefox=100 in cache (valid until 16:00:00 09/06/2022 IST)
[DEBUG] Resolution firefox100=0.31.0 in cache (valid until 17:46:01 09/06/2022 IST)
[INFO] Using geckodriver 0.31.0 (resolved driver for Firefox 100)
[DEBUG] Driver geckodriver 0.31.0 found in cache
[INFO] Exporting webdriver.gecko.driver as /home/manoj/.cache/selenium/geckodriver/linux64/0.31.0/geckodriver
  &amp#27;[32mGiven &amp#27;[0m&amp#27;[32mPom User is on login Page&amp#27;[0m                                  &amp#27;[90m# stepDefinitions.Pomlogin.pom_user_is_on_login_page()&amp#27;[0m
standard_user
secret_sauce
  &amp#27;[32mWhen &amp#27;[0m&amp#27;[32muser verify the data with sheetname &amp#27;[0m&amp#27;[32m&amp#27;[1m"demo"&amp#27;[0m&amp#27;[32m and rownumber &amp#27;[0m&amp#27;[32m&amp#27;[1m1&amp#27;[0m&amp#27;[32m.&amp#27;[0m &amp#27;[90m# stepDefinitions.Pomlogin.user_verify_the_data_with_sheetname_and_rownumber(java.lang.String,java.lang.Integer)&amp#27;[0m
successfully login
  &amp#27;[32mThen &amp#27;[0m&amp#27;[32mdisplayed message Login Successfully&amp#27;[0m                        &amp#27;[90m# stepDefinitions.Pomlogin.displayed_message_login_successfully()&amp#27;[0m
  &amp#27;[32mThen &amp#27;[0m&amp#27;[32mclose browsing window.&amp#27;[0m                                      &amp#27;[90m# stepDefinitions.Pomlogin.close_browsing_window()&amp#27;[0m
]]></system-out>
    <system-err><![CDATA[1654767081571	geckodriver	INFO	Listening on 127.0.0.1:9270
1654767081686	mozrunner::runner	INFO	Running command: "/usr/lib/firefox/firefox" "--marionette" "-no-remote" "-profile" "/tmp/rust_mozprofileX8h4yA"
1654767091594	Marionette	INFO	Marionette enabled
console.warn: SearchSettings: "get: No settings file exists, new profile?" (new NotFoundError("Could not open the file at /tmp/rust_mozprofileX8h4yA/search.json.mozlz4", (void 0)))
1654767105116	Marionette	INFO	Listening on port 45321
Read port: 45321
1654767105139	RemoteAgent	WARN	TLS certificate errors will be ignored for this session
Jun 09, 2022 3:01:45 PM org.openqa.selenium.remote.ProtocolHandshake createSession
INFO: Detected dialect: W3C
console.warn: LoginRecipes: "getRecipes: falling back to a synchronous message for:" "https://www.saucedemo.com"
console.warn: LoginRecipes: "getRecipes: falling back to a synchronous message for:" "https://www.saucedemo.com"
JavaScript error: resource://gre/modules/LoginManagerParent.jsm, line 136: TypeError: gRecipeManager is null
1654767119688	Marionette	INFO	Stopped listening on port 45321
JavaScript error: resource://gre/modules/UrlClassifierListManager.jsm, line 691: TypeError: this.tablesData[table] is undefined
console.log: "RemoteSettingsWorker error: Error: Can't import when we've started shutting down."
console.log: "RemoteSettingsWorker error: Error: Can't import when we've started shutting down."
console.log: "RemoteSettingsWorker error: Error: Can't import when we've started shutting down."
console.log: "RemoteSettingsWorker error: Error: Can't import when we've started shutting down."
console.log: "RemoteSettingsWorker error: Error: Can't import when we've started shutting down."
console.log: "RemoteSettingsWorker error: Error: Can't import when we've started shutting down."
JavaScript error: resource://gre/modules/AsyncShutdown.jsm, line 718: Error: Phase "profile-before-change" is finished, it is too late to register completion condition "DoHController: clear state and remove observers"
JavaScript error: resource://gre/modules/CrashManager.jsm, line 898: AbortError: IOUtils: Shutting down and refusing additional I/O tasks
]]></system-err>
  </testcase>
  <testcase name="Successful Pom Login with Valid Credentials. #3" classname="Pom Login Action with parameter" time="79.52">
    <system-out><![CDATA[
@sanity
Scenario Outline: Successful Pom Login with Valid Credentials.     &amp#27;[90m# src/test/java/Features/pomlogin.feature:15&amp#27;[0m
[DEBUG] Resolution firefox=100 in cache (valid until 16:00:00 09/06/2022 IST)
[DEBUG] Resolution firefox100=0.31.0 in cache (valid until 17:46:01 09/06/2022 IST)
[INFO] Using geckodriver 0.31.0 (resolved driver for Firefox 100)
[DEBUG] Driver geckodriver 0.31.0 found in cache
[INFO] Exporting webdriver.gecko.driver as /home/manoj/.cache/selenium/geckodriver/linux64/0.31.0/geckodriver
  &amp#27;[32mGiven &amp#27;[0m&amp#27;[32mPom User is on login Page&amp#27;[0m                                  &amp#27;[90m# stepDefinitions.Pomlogin.pom_user_is_on_login_page()&amp#27;[0m
standard_user
secret_sauce
  &amp#27;[32mWhen &amp#27;[0m&amp#27;[32muser verify the data with sheetname &amp#27;[0m&amp#27;[32m&amp#27;[1m"demo"&amp#27;[0m&amp#27;[32m and rownumber &amp#27;[0m&amp#27;[32m&amp#27;[1m2&amp#27;[0m&amp#27;[32m.&amp#27;[0m &amp#27;[90m# stepDefinitions.Pomlogin.user_verify_the_data_with_sheetname_and_rownumber(java.lang.String,java.lang.Integer)&amp#27;[0m
successfully login
  &amp#27;[32mThen &amp#27;[0m&amp#27;[32mdisplayed message Login Successfully&amp#27;[0m                        &amp#27;[90m# stepDefinitions.Pomlogin.displayed_message_login_successfully()&amp#27;[0m
  &amp#27;[32mThen &amp#27;[0m&amp#27;[32mclose browsing window.&amp#27;[0m                                      &amp#27;[90m# stepDefinitions.Pomlogin.close_browsing_window()&amp#27;[0m
]]></system-out>
    <system-err><![CDATA[Cleaning up unclosed ZipFile for archive /home/manoj/Documents/demo.xlsx
1654767206745	geckodriver	INFO	Listening on 127.0.0.1:9515
1654767207773	mozrunner::runner	INFO	Running command: "/usr/lib/firefox/firefox" "--marionette" "-no-remote" "-profile" "/tmp/rust_mozprofileINvXhz"
1654767230012	Marionette	INFO	Marionette enabled
console.error: Region.jsm: "Error fetching region" (new Error("TIMEOUT", "resource://gre/modules/Region.jsm", 772))
console.error: Region.jsm: "Failed to fetch region" (new Error("TIMEOUT", "resource://gre/modules/Region.jsm", 419))
console.warn: SearchSettings: "get: No settings file exists, new profile?" (new NotFoundError("Could not open the file at /tmp/rust_mozprofileINvXhz/search.json.mozlz4", (void 0)))
1654767261162	Marionette	INFO	Listening on port 42513
Read port: 42513
1654767261829	RemoteAgent	WARN	TLS certificate errors will be ignored for this session
Jun 09, 2022 3:04:22 PM org.openqa.selenium.remote.ProtocolHandshake createSession
INFO: Detected dialect: W3C
console.warn: LoginRecipes: "getRecipes: falling back to a synchronous message for:" "https://www.saucedemo.com"
console.warn: LoginRecipes: "getRecipes: falling back to a synchronous message for:" "https://www.saucedemo.com"
JavaScript error: resource://gre/modules/LoginManagerParent.jsm, line 136: TypeError: gRecipeManager is null
1654767273230	Marionette	INFO	Stopped listening on port 42513
JavaScript error: resource://gre/modules/UrlClassifierListManager.jsm, line 691: TypeError: this.tablesData[table] is undefined
console.warn: SearchService: "_init: abandoning init due to shutting down"
JavaScript error: , line 0: uncaught exception: 2147500036
JavaScript error: , line 0: uncaught exception: 2147500036
JavaScript error: , line 0: uncaught exception: 2147500036
JavaScript error: , line 0: uncaught exception: 2147500036
JavaScript error: , line 0: uncaught exception: 2147500036
JavaScript error: , line 0: uncaught exception: 2147500036
JavaScript error: , line 0: uncaught exception: 2147500036
]]></system-err>
  </testcase>
</testsuite>